Program Version,EnergyPlus, Version 23.2.0-7636e6b3e9, YMD=2025.01.19 15:45,
   ************* Beginning Zone Sizing Calculations
   ** Warning ** Weather file location will be used rather than entered (IDF) Location object.
   **   ~~~   ** ..Location object=MONTREAL INT'L
   **   ~~~   ** ..Weather File Location=HIGH FALLS QC CAN CWEC2011 WMO#=713910
   **   ~~~   ** ..due to location differences, Latitude difference=[0.37] degrees, Longitude difference=[1.90] degrees.
   **   ~~~   ** ..Time Zone difference=[0.0] hour(s), Elevation difference=[440.56] percent, [158.60] meters.
   ** Warning ** SetUpDesignDay: Entered DesignDay Barometric Pressure=88961 differs by more than 10% from Standard Barometric Pressure=99009.
   **   ~~~   ** ...occurs in DesignDay=CALGARY INTL AP ANN CLG .4% CONDNS DB=>MWB, Standard Pressure (based on elevation) will be used.
   ** Warning ** ProcessScheduleInput: Schedule:Day:Interval="ECONOMIZER MAX OA FRACTION 100 PCT DEFAULT", Blank Schedule Type Limits Name input -- will not be validated.
   ** Warning ** ProcessScheduleInput: Schedule:Day:Interval="SCHEDULE DAY 1", Blank Schedule Type Limits Name input -- will not be validated.
   ** Warning ** ProcessScheduleInput: Schedule:Day:Interval="SCHEDULE DAY 2", Blank Schedule Type Limits Name input -- will not be validated.
   ** Warning ** ProcessScheduleInput: Schedule:Year="ECONOMIZER MAX OA FRACTION 100 PCT", Blank Schedule Type Limits Name input -- will not be validated.
   ** Warning ** ProcessScheduleInput: Schedule:Constant="ALWAYS OFF DISCRETE", Blank Schedule Type Limits Name input -- will not be validated.
   ** Warning ** ProcessScheduleInput: Schedule:Constant="ALWAYS ON CONTINUOUS", Blank Schedule Type Limits Name input -- will not be validated.
   ** Warning ** CheckUsedConstructions: There are 31 nominally unused constructions in input.
   **   ~~~   ** For explicit details on each unused construction, use Output:Diagnostics,DisplayExtraWarnings;
   ** Warning ** GetInternalHeatGains: People="SPACE FUNCTION LOBBY - ELEVATOR PEOPLE" has comfort related schedules but no thermal comfort model selected.
   **   ~~~   ** If schedules are specified for air velocity, clothing insulation, and/or work efficiency but no thermal comfort
   **   ~~~   ** thermal comfort model is selected, the schedules will be listed as unused schedules in the .err file.
   **   ~~~   ** To avoid these errors, select a valid thermal comfort model or eliminate these schedules in the PEOPLE input.
   ** Warning ** GetInternalHeatGains: People="SPACE FUNCTION RETAIL - SALES PEOPLE" has comfort related schedules but no thermal comfort model selected.
   **   ~~~   ** If schedules are specified for air velocity, clothing insulation, and/or work efficiency but no thermal comfort
   **   ~~~   ** thermal comfort model is selected, the schedules will be listed as unused schedules in the .err file.
   **   ~~~   ** To avoid these errors, select a valid thermal comfort model or eliminate these schedules in the PEOPLE input.
   ** Warning ** GetInternalHeatGains: People="SPACE FUNCTION RETAIL - SALES PEOPLE" has comfort related schedules but no thermal comfort model selected.
   **   ~~~   ** If schedules are specified for air velocity, clothing insulation, and/or work efficiency but no thermal comfort
   **   ~~~   ** thermal comfort model is selected, the schedules will be listed as unused schedules in the .err file.
   **   ~~~   ** To avoid these errors, select a valid thermal comfort model or eliminate these schedules in the PEOPLE input.
   ** Warning ** GetInternalHeatGains: People="SPACE FUNCTION RETAIL - SALES PEOPLE" has comfort related schedules but no thermal comfort model selected.
   **   ~~~   ** If schedules are specified for air velocity, clothing insulation, and/or work efficiency but no thermal comfort
   **   ~~~   ** thermal comfort model is selected, the schedules will be listed as unused schedules in the .err file.
   **   ~~~   ** To avoid these errors, select a valid thermal comfort model or eliminate these schedules in the PEOPLE input.
   ** Warning ** GetInternalHeatGains: People="SPACE FUNCTION STORAGE AREA PEOPLE" has comfort related schedules but no thermal comfort model selected.
   **   ~~~   ** If schedules are specified for air velocity, clothing insulation, and/or work efficiency but no thermal comfort
   **   ~~~   ** thermal comfort model is selected, the schedules will be listed as unused schedules in the .err file.
   **   ~~~   ** To avoid these errors, select a valid thermal comfort model or eliminate these schedules in the PEOPLE input.
   ** Warning ** SetUpDesignDay: Entered DesignDay Barometric Pressure=88961 differs by more than 10% from Standard Barometric Pressure=99009.
   **   ~~~   ** ...occurs in DesignDay=CALGARY INTL AP ANN CLG .4% CONDNS WB=>MDB, Standard Pressure (based on elevation) will be used.
   ** Warning ** SetUpDesignDay: Entered DesignDay Barometric Pressure=88961 differs by more than 10% from Standard Barometric Pressure=99009.
   **   ~~~   ** ...occurs in DesignDay=CALGARY INTL AP ANN HTG 99.6% CONDNS DB, Standard Pressure (based on elevation) will be used.
   ************* Beginning System Sizing Calculations
   ************* Beginning Plant Sizing Calculations
   ** Warning ** GetOAControllerInputs: Controller:MechanicalVentilation="CONTROLLER MECHANICAL VENTILATION 4"
   **   ~~~   ** Cannot locate a matching DesignSpecification:ZoneAirDistribution object for Zone="ALL_ST=LOBBY - ELEVATOR_FL=BUILDING STORY 1_SCH=C".
   **   ~~~   ** Using default zone air distribution effectiveness of 1.0 for heating and cooling.
   ** Warning ** GetOAControllerInputs: Controller:MechanicalVentilation="CONTROLLER MECHANICAL VENTILATION 2"
   **   ~~~   ** Cannot locate a matching DesignSpecification:ZoneAirDistribution object for Zone="ALL_ST=RETAIL - SALES_FL=BUILDING STORY 1_SCH=C".
   **   ~~~   ** Using default zone air distribution effectiveness of 1.0 for heating and cooling.
   ** Warning ** GetOAControllerInputs: Controller:MechanicalVentilation="CONTROLLER MECHANICAL VENTILATION 3"
   **   ~~~   ** Cannot locate a matching DesignSpecification:ZoneAirDistribution object for Zone="ALL_ST=RETAIL - SALES_FL=BUILDING STORY 1_SCH=C 1".
   **   ~~~   ** Using default zone air distribution effectiveness of 1.0 for heating and cooling.
   ** Warning ** GetOAControllerInputs: Controller:MechanicalVentilation="CONTROLLER MECHANICAL VENTILATION 5"
   **   ~~~   ** Cannot locate a matching DesignSpecification:ZoneAirDistribution object for Zone="ALL_ST=RETAIL - SALES_FL=BUILDING STORY 1_SCH=C 2".
   **   ~~~   ** Using default zone air distribution effectiveness of 1.0 for heating and cooling.
   ** Warning ** GetOAControllerInputs: Controller:MechanicalVentilation="CONTROLLER MECHANICAL VENTILATION 1"
   **   ~~~   ** Cannot locate a matching DesignSpecification:ZoneAirDistribution object for Zone="ALL_ST=STORAGE AREA_FL=BUILDING STORY 1_SCH=E".
   **   ~~~   ** Using default zone air distribution effectiveness of 1.0 for heating and cooling.
   ** Warning ** GetDXCoils: Coil:Cooling:DX:SingleSpeed="COILCOOLINGDXSINGLESPEED_DX 1 58KBTU/HR 7.7726EER", invalid
   **   ~~~   ** ...Part Load Fraction Correlation Curve Name = DXCOOL-NECB2011-REF-COOLPLFFPLR has out of range value.
   **   ~~~   ** ...Curve maximum must be <= 1.0, curve max at PLR = 0.99 is 1.015
   **   ~~~   ** ...Setting curve maximum to 1.0 and simulation continues.
   ** Warning ** The Standard Ratings is calculated for Coil:Cooling:DX:SingleSpeed = COILCOOLINGDXSINGLESPEED_DX 1 58KBTU/HR 7.7726EER but not at the AHRI test condition due to curve out of bound.
   **   ~~~   **  Review the Standard Ratings calculations in the Engineering Reference for this coil type. Also, use Output:Diagnostics, DisplayExtraWarnings for further guidance.
   ** Warning ** The Standard Ratings is calculated for Coil:Cooling:DX:SingleSpeed = COILCOOLINGDXSINGLESPEED_DX 2 58KBTU/HR 7.7726EER but not at the AHRI test condition due to curve out of bound.
   **   ~~~   **  Review the Standard Ratings calculations in the Engineering Reference for this coil type. Also, use Output:Diagnostics, DisplayExtraWarnings for further guidance.
   ** Warning ** The Standard Ratings is calculated for Coil:Cooling:DX:SingleSpeed = COILCOOLINGDXSINGLESPEED_DX 3 10KBTU/HR 7.7726EER but not at the AHRI test condition due to curve out of bound.
   **   ~~~   **  Review the Standard Ratings calculations in the Engineering Reference for this coil type. Also, use Output:Diagnostics, DisplayExtraWarnings for further guidance.
   ** Warning ** The Standard Ratings is calculated for Coil:Cooling:DX:SingleSpeed = COILCOOLINGDXSINGLESPEED_DX 4 235KBTU/HR 7.7726EER but not at the AHRI test condition due to curve out of bound.
   **   ~~~   **  Review the Standard Ratings calculations in the Engineering Reference for this coil type. Also, use Output:Diagnostics, DisplayExtraWarnings for further guidance.
   ** Warning ** The Standard Ratings is calculated for Coil:Cooling:DX:SingleSpeed = COILCOOLINGDXSINGLESPEED_DX 18KBTU/HR 7.7726EER but not at the AHRI test condition due to curve out of bound.
   **   ~~~   **  Review the Standard Ratings calculations in the Engineering Reference for this coil type. Also, use Output:Diagnostics, DisplayExtraWarnings for further guidance.
   ** Warning ** Output:Meter: invalid Key Name="NATURALGAS:FACILITY" - not found.
   ** Warning ** Output:Meter: invalid Key Name="DISTRICTCOOLING:FACILITY" - not found.
   ** Warning ** Output:Meter: invalid Key Name="DISTRICTHEATING:FACILITY" - not found.
   ** Warning ** Output:Meter:MeterFileOnly: invalid Key Name="NATURALGAS:FACILITY" - not found.
   ** Warning ** Output:Meter:MeterFileOnly: invalid Key Name="NATURALGAS:FACILITY" - not found.
   ** Warning ** Output:Meter:MeterFileOnly requested for "Electricity:Facility" (TimeStep), already on "Output:Meter". Will report to both eplusout.eso and eplusout.mtr
   ************* Testing Individual Branch Integrity
   ************* All Branches passed integrity testing
   ************* Testing Individual Supply Air Path Integrity
   ************* All Supply Air Paths passed integrity testing
   ************* Testing Individual Return Air Path Integrity
   ************* All Return Air Paths passed integrity testing
   ************* No node connection errors were found.
   ************* Beginning Simulation
   ** Warning ** CalcEquipmentFlowRates: "BACK_SPACE SERVICE WATER USE 0.1GPM 140F" - Target water temperature is greater than the hot water temperature by (1.26 C)
   **   ~~~   **  Environment=RUN PERIOD 1, at Simulation time=01/01 00:00 - 00:10
   **   ~~~   ** ...target water temperature     = 60.00 C
   **   ~~~   ** ...hot water temperature        = 58.74 C
   **   ~~~   ** ...Target water temperature should be less than or equal to the hot water temperature. Verify temperature setpoints and schedules.
   ** Warning ** CalcEquipmentFlowRates: "CORE_RETAIL SERVICE WATER USE 0.18GPM 140F" - Target water temperature is greater than the hot water temperature by (1.26 C)
   **   ~~~   **  Environment=RUN PERIOD 1, at Simulation time=01/01 00:00 - 00:10
   **   ~~~   ** ...target water temperature     = 60.00 C
   **   ~~~   ** ...hot water temperature        = 58.74 C
   **   ~~~   ** ...Target water temperature should be less than or equal to the hot water temperature. Verify temperature setpoints and schedules.
   ** Warning ** CalcEquipmentFlowRates: "FRONT_RETAIL SERVICE WATER USE 0.02GPM 140F" - Target water temperature is greater than the hot water temperature by (1.26 C)
   **   ~~~   **  Environment=RUN PERIOD 1, at Simulation time=01/01 00:00 - 00:10
   **   ~~~   ** ...target water temperature     = 60.00 C
   **   ~~~   ** ...hot water temperature        = 58.74 C
   **   ~~~   ** ...Target water temperature should be less than or equal to the hot water temperature. Verify temperature setpoints and schedules.
   ** Warning ** CalcEquipmentFlowRates: "POINT_OF_SALE SERVICE WATER USE 0.02GPM 140F" - Target water temperature is greater than the hot water temperature by (1.26 C)
   **   ~~~   **  Environment=RUN PERIOD 1, at Simulation time=01/01 00:00 - 00:10
   **   ~~~   ** ...target water temperature     = 60.00 C
   **   ~~~   ** ...hot water temperature        = 58.74 C
   **   ~~~   ** ...Target water temperature should be less than or equal to the hot water temperature. Verify temperature setpoints and schedules.
   ** Warning ** Processing Monthly Tabular Reports: Variable names not valid for this simulation
   **   ~~~   ** ...use Output:Diagnostics,DisplayExtraWarnings; to show more details on individual variables.
   ** Warning ** In zone ALL_ST=STORAGE AREA_FL=BUILDING STORY 1_SCH=E there is unbalanced air flow. Load due to induced outdoor air is neglected.
   **   ~~~   **  Environment=RUN PERIOD 1, at Simulation time=01/01 00:20 - 00:30
   **   ~~~   **   Flows [m3/s]: Inlets: 0.000000  Unbalanced exhausts: 0.289476  Returns: 0.000000
   **   ~~~   **   Infiltration: 0.261587  Zone Ventilation: 0.000000  Mixing (incoming): 0.000000
   **   ~~~   **   Imbalance (excess outflow): 2.788949E-002  Total system OA flow (for all airloops serving this zone): 0.289476
   **   ~~~   **   This error will only be reported once per zone.
   ** Warning ** CalcDoe2DXCoil: Coil:Cooling:DX:SingleSpeed "COILCOOLINGDXSINGLESPEED_DX 1 58KBTU/HR 7.7726EER" - Air-cooled condenser inlet dry-bulb temperature below 0 C. Outdoor dry-bulb temperature = -3.10
   **   ~~~   **  ... Occurrence info = RUN PERIOD 1, 01/01 09:02 - 09:03
   **   ~~~   ** ... Operation at low ambient temperatures may require special performance curves.
   ** Warning ** CalcDoe2DXCoil: Coil:Cooling:DX:SingleSpeed "COILCOOLINGDXSINGLESPEED_DX 2 58KBTU/HR 7.7726EER" - Air-cooled condenser inlet dry-bulb temperature below 0 C. Outdoor dry-bulb temperature = -3.10
   **   ~~~   **  ... Occurrence info = RUN PERIOD 1, 01/01 09:02 - 09:03
   **   ~~~   ** ... Operation at low ambient temperatures may require special performance curves.
   ** Warning ** CalcDoe2DXCoil: Coil:Cooling:DX:SingleSpeed "COILCOOLINGDXSINGLESPEED_DX 3 10KBTU/HR 7.7726EER" - Air-cooled condenser inlet dry-bulb temperature below 0 C. Outdoor dry-bulb temperature = -3.10
   **   ~~~   **  ... Occurrence info = RUN PERIOD 1, 01/01 09:02 - 09:03
   **   ~~~   ** ... Operation at low ambient temperatures may require special performance curves.
   ** Warning ** CalcDoe2DXCoil: Coil:Cooling:DX:SingleSpeed "COILCOOLINGDXSINGLESPEED_DX 2 58KBTU/HR 7.7726EER" - Full load outlet air dry-bulb temperature < 2C. This indicates the possibility of coil frost/freeze. Outlet temperature = 0.84 C.
   **   ~~~   **  ...Occurrence info = RUN PERIOD 1, 02/22 13:20 - 13:30
   **   ~~~   ** ... Possible reasons for low outlet air dry-bulb temperatures are: This DX coil
   **   ~~~   **    1) may have a low inlet air dry-bulb temperature. Inlet air temperature = 15.101 C.
   **   ~~~   **    2) may have a low air flow rate per watt of cooling capacity. Check inputs.
   **   ~~~   **    3) is used as part of a HX assisted cooling coil which uses a high sensible effectiveness. Check inputs.
   ** Warning ** CalcDoe2DXCoil: Coil:Cooling:DX:SingleSpeed "COILCOOLINGDXSINGLESPEED_DX 1 58KBTU/HR 7.7726EER" - Full load outlet air dry-bulb temperature < 2C. This indicates the possibility of coil frost/freeze. Outlet temperature = 0.77 C.
   **   ~~~   **  ...Occurrence info = RUN PERIOD 1, 02/23 11:05 - 11:10
   **   ~~~   ** ... Possible reasons for low outlet air dry-bulb temperatures are: This DX coil
   **   ~~~   **    1) may have a low inlet air dry-bulb temperature. Inlet air temperature = 15.041 C.
   **   ~~~   **    2) may have a low air flow rate per watt of cooling capacity. Check inputs.
   **   ~~~   **    3) is used as part of a HX assisted cooling coil which uses a high sensible effectiveness. Check inputs.
   ** Warning ** CalcDoe2DXCoil: Coil:Cooling:DX:SingleSpeed "COILCOOLINGDXSINGLESPEED_DX 3 10KBTU/HR 7.7726EER" - Full load outlet air dry-bulb temperature < 2C. This indicates the possibility of coil frost/freeze. Outlet temperature = -2.47 C.
   **   ~~~   **  ...Occurrence info = RUN PERIOD 1, 02/23 13:20 - 13:30
   **   ~~~   ** ... Possible reasons for low outlet air dry-bulb temperatures are: This DX coil
   **   ~~~   **    1) may have a low inlet air dry-bulb temperature. Inlet air temperature = 12.301 C.
   **   ~~~   **    2) may have a low air flow rate per watt of cooling capacity. Check inputs.
   **   ~~~   **    3) is used as part of a HX assisted cooling coil which uses a high sensible effectiveness. Check inputs.
   ** Warning ** Temperature out of range [-100. to 200.] (PsyPsatFnTemp)
   **   ~~~   **  Routine=PsyTwbFnTdbWPb, Environment=RUN PERIOD 1, at Simulation time=04/09 19:10 - 19:20
   **   ~~~   **  Input Temperature=-111.52
   ** Warning ** CalcDoe2DXCoil: Coil:Cooling:DX:SingleSpeed "COILCOOLINGDXSINGLESPEED_DX 4 235KBTU/HR 7.7726EER" - Full load outlet air dry-bulb temperature < 2C. This indicates the possibility of coil frost/freeze. Outlet temperature = 1.53 C.
   **   ~~~   **  ...Occurrence info = RUN PERIOD 1, 05/17 12:30 - 12:40
   **   ~~~   ** ... Possible reasons for low outlet air dry-bulb temperatures are: This DX coil
   **   ~~~   **    1) may have a low inlet air dry-bulb temperature. Inlet air temperature = 16.833 C.
   **   ~~~   **    2) may have a low air flow rate per watt of cooling capacity. Check inputs.
   **   ~~~   **    3) is used as part of a HX assisted cooling coil which uses a high sensible effectiveness. Check inputs.
   ** Warning ** CalcDoe2DXCoil: Coil:Cooling:DX:SingleSpeed "COILCOOLINGDXSINGLESPEED_DX 18KBTU/HR 7.7726EER" - Full load outlet air dry-bulb temperature < 2C. This indicates the possibility of coil frost/freeze. Outlet temperature = 1.88 C.
   **   ~~~   **  ...Occurrence info = RUN PERIOD 1, 05/17 15:50 - 16:00
   **   ~~~   ** ... Possible reasons for low outlet air dry-bulb temperatures are: This DX coil
   **   ~~~   **    1) may have a low inlet air dry-bulb temperature. Inlet air temperature = 18.600 C.
   **   ~~~   **    2) may have a low air flow rate per watt of cooling capacity. Check inputs.
   **   ~~~   **    3) is used as part of a HX assisted cooling coil which uses a high sensible effectiveness. Check inputs.
   ** Warning ** The resource referenced by LifeCycleCost:UsePriceEscalation= "U.S. AVG  COMMERCIAL-ELECTRICITY" has no energy cost. 
   **   ~~~   ** ... It is likely that the wrong resource is used. The resource should match the meter used in Utility:Tariff.
   ** Warning ** The resource referenced by LifeCycleCost:UsePriceEscalation= "U.S. AVG  COMMERCIAL-DISTILLATE OIL" has no energy cost. 
   **   ~~~   ** ... It is likely that the wrong resource is used. The resource should match the meter used in Utility:Tariff.
   ** Warning ** The resource referenced by LifeCycleCost:UsePriceEscalation= "U.S. AVG  COMMERCIAL-RESIDUAL OIL" has no energy cost. 
   **   ~~~   ** ... It is likely that the wrong resource is used. The resource should match the meter used in Utility:Tariff.
   ** Warning ** The resource referenced by LifeCycleCost:UsePriceEscalation= "U.S. AVG  COMMERCIAL-NATURAL GAS" has no energy cost. 
   **   ~~~   ** ... It is likely that the wrong resource is used. The resource should match the meter used in Utility:Tariff.
   ** Warning ** The resource referenced by LifeCycleCost:UsePriceEscalation= "U.S. AVG  COMMERCIAL-COAL" has no energy cost. 
   **   ~~~   ** ... It is likely that the wrong resource is used. The resource should match the meter used in Utility:Tariff.
   ************* Simulation Error Summary *************
   ************* There are 9 unused schedules in input.
   ************* There are 9 unused week schedules in input.
   ************* There are 12 unused day schedules in input.
   ************* Use Output:Diagnostics,DisplayUnusedSchedules; to see them.
   *************
   ************* ===== Recurring Error Summary =====
   ************* The following recurring error messages occurred.
   *************
   *************  ** Warning ** "BACK_SPACE SERVICE WATER USE 0.1GPM 140F" - Target water temperature should be less than or equal to the hot water temperature error continues...
   *************  **   ~~~   **   This error occurred 566343 total times;
   *************  **   ~~~   **   during Warmup 0 times;
   *************  **   ~~~   **   during Sizing 0 times.
   *************  **   ~~~   **   Max=7.013439  Min=0.021762
   *************
   *************  ** Warning ** "CORE_RETAIL SERVICE WATER USE 0.18GPM 140F" - Target water temperature should be less than or equal to the hot water temperature error continues...
   *************  **   ~~~   **   This error occurred 566343 total times;
   *************  **   ~~~   **   during Warmup 0 times;
   *************  **   ~~~   **   during Sizing 0 times.
   *************  **   ~~~   **   Max=7.013439  Min=0.021762
   *************
   *************  ** Warning ** "FRONT_RETAIL SERVICE WATER USE 0.02GPM 140F" - Target water temperature should be less than or equal to the hot water temperature error continues...
   *************  **   ~~~   **   This error occurred 566343 total times;
   *************  **   ~~~   **   during Warmup 0 times;
   *************  **   ~~~   **   during Sizing 0 times.
   *************  **   ~~~   **   Max=7.013439  Min=0.021762
   *************
   *************  ** Warning ** "POINT_OF_SALE SERVICE WATER USE 0.02GPM 140F" - Target water temperature should be less than or equal to the hot water temperature error continues...
   *************  **   ~~~   **   This error occurred 566343 total times;
   *************  **   ~~~   **   during Warmup 0 times;
   *************  **   ~~~   **   during Sizing 0 times.
   *************  **   ~~~   **   Max=7.013439  Min=0.021762
   *************
   *************  ** Warning ** CalcDoe2DXCoil: Coil:Cooling:DX:SingleSpeed="COILCOOLINGDXSINGLESPEED_DX 1 58KBTU/HR 7.7726EER" - Low condenser dry-bulb temperature error continues...
   *************  **   ~~~   **   This error occurred 198 total times;
   *************  **   ~~~   **   during Warmup 0 times;
   *************  **   ~~~   **   during Sizing 0 times.
   *************  **   ~~~   **   Max=-0.016667 [C]  Min=-24.933333 [C]
   *************
   *************  ** Warning ** CalcDoe2DXCoil: Coil:Cooling:DX:SingleSpeed="COILCOOLINGDXSINGLESPEED_DX 2 58KBTU/HR 7.7726EER" - Low condenser dry-bulb temperature error continues...
   *************  **   ~~~   **   This error occurred 202 total times;
   *************  **   ~~~   **   during Warmup 0 times;
   *************  **   ~~~   **   during Sizing 0 times.
   *************  **   ~~~   **   Max=-0.016667 [C]  Min=-24.933333 [C]
   *************
   *************  ** Warning ** CalcDoe2DXCoil: Coil:Cooling:DX:SingleSpeed="COILCOOLINGDXSINGLESPEED_DX 3 10KBTU/HR 7.7726EER" - Low condenser dry-bulb temperature error continues...
   *************  **   ~~~   **   This error occurred 155 total times;
   *************  **   ~~~   **   during Warmup 0 times;
   *************  **   ~~~   **   during Sizing 0 times.
   *************  **   ~~~   **   Max=-0.016667 [C]  Min=-24.933333 [C]
   *************
   *************  ** Warning ** CalcDoe2DXCoil: Coil:Cooling:DX:SingleSpeed="COILCOOLINGDXSINGLESPEED_DX 2 58KBTU/HR 7.7726EER" - Full load outlet temperature indicates a possibility of frost/freeze error continues. Outlet air temperature statistics follow:
   *************  **   ~~~   **   This error occurred 10 total times;
   *************  **   ~~~   **   during Warmup 0 times;
   *************  **   ~~~   **   during Sizing 0 times.
   *************  **   ~~~   **   Max=1.609541  Min=-0.029345
   *************
   *************  ** Warning ** CalcDoe2DXCoil: Coil:Cooling:DX:SingleSpeed="COILCOOLINGDXSINGLESPEED_DX 1 58KBTU/HR 7.7726EER" - Full load outlet temperature indicates a possibility of frost/freeze error continues. Outlet air temperature statistics follow:
   *************  **   ~~~   **   This error occurred 9 total times;
   *************  **   ~~~   **   during Warmup 0 times;
   *************  **   ~~~   **   during Sizing 0 times.
   *************  **   ~~~   **   Max=1.624672  Min=-0.067314
   *************
   *************  ** Warning ** CalcDoe2DXCoil: Coil:Cooling:DX:SingleSpeed="COILCOOLINGDXSINGLESPEED_DX 3 10KBTU/HR 7.7726EER" - Full load outlet temperature indicates a possibility of frost/freeze error continues. Outlet air temperature statistics follow:
   *************  **   ~~~   **   This error occurred 230 total times;
   *************  **   ~~~   **   during Warmup 0 times;
   *************  **   ~~~   **   during Sizing 0 times.
   *************  **   ~~~   **   Max=1.992719  Min=-2.470623
   *************
   *************  ** Warning ** Temperature out of range [-100. to 200.] (PsyPsatFnTemp)
   *************  **   ~~~   **   This error occurred 1 total times;
   *************  **   ~~~   **   during Warmup 0 times;
   *************  **   ~~~   **   during Sizing 0 times.
   *************  **   ~~~   **   Max=-111.528709 C  Min=-111.528709 C
   *************
   *************  ** Warning ** CalcDoe2DXCoil: Coil:Cooling:DX:SingleSpeed="COILCOOLINGDXSINGLESPEED_DX 4 235KBTU/HR 7.7726EER" - Full load outlet temperature indicates a possibility of frost/freeze error continues. Outlet air temperature statistics follow:
   *************  **   ~~~   **   This error occurred 7 total times;
   *************  **   ~~~   **   during Warmup 0 times;
   *************  **   ~~~   **   during Sizing 0 times.
   *************  **   ~~~   **   Max=1.988111  Min=1.526441
   *************
   *************  ** Warning ** CalcDoe2DXCoil: Coil:Cooling:DX:SingleSpeed="COILCOOLINGDXSINGLESPEED_DX 18KBTU/HR 7.7726EER" - Full load outlet temperature indicates a possibility of frost/freeze error continues. Outlet air temperature statistics follow:
   *************  **   ~~~   **   This error occurred 9 total times;
   *************  **   ~~~   **   during Warmup 0 times;
   *************  **   ~~~   **   during Sizing 0 times.
   *************  **   ~~~   **   Max=1.918831  Min=1.616346
   *************
   *************
   ************* ===== Final Error Summary =====
   ************* The following error categories occurred.  Consider correcting or noting.
   ************* Nominally Unused Constructions
   ************* ..The nominally unused constructions warning is provided to alert you to potential conditions that can cause
   ************* ..extra time during simulation. Each construction is calculated by the algorithm indicated in the HeatBalanceAlgorithm
   ************* ..object. You may remove the constructions indicated (when you use the DisplayExtraWarnings option).
   *************
   ************* EnergyPlus Warmup Error Summary. During Warmup: 0 Warning; 0 Severe Errors.
   ************* EnergyPlus Sizing Error Summary. During Sizing: 16 Warning; 0 Severe Errors.
   ************* EnergyPlus Completed Successfully-- 2266237 Warning; 0 Severe Errors; Elapsed Time=00hr 00min 13.68sec
